
CPPTRAJ: Trajectory Analysis. V4.25.6
    ___  ___  ___  ___
     | \/ | \/ | \/ | 
    _|_/\_|_/\_|_/\_|_

| Date/time: 03/15/21 16:53:06
| Available memory: 25.849 GB

	Reading 'cb7-1.prmtop' as Amber Topology
	Radius Set: modified Bondi radii (mbondi)
	Reading 'cb7-1.rst7' as Amber Restart
	Writing 'host-cb7-guest-1.pdb' as PDB
---------- RUN BEGIN -------------------------------------------------

PARAMETER FILES (1 total):
 0: cb7-1.prmtop, 4662 atoms, 1503 res, box: Orthogonal, 1503 mol, 1500 solvent

INPUT TRAJECTORIES (1 total):
 0: 'cb7-1.rst7' is an AMBER restart file with velocity info, Parm cb7-1.prmtop (Orthogonal box) (reading 1 of 1)
  Coordinate processing will occur on 1 frames.

OUTPUT TRAJECTORIES (1 total):
  'host-cb7-guest-1.pdb' (1 frames) is a PDB file

BEGIN TRAJECTORY PROCESSING:
Warning: No PDB space group specified.
.....................................................
ACTIVE OUTPUT TRAJECTORIES (1):
  host-cb7-guest-1.pdb (coordinates, velocities, time, box)
----- cb7-1.rst7 (1-1, 1) -----
100% Complete.

Read 1 frames and processed 1 frames.
TIME: Avg. throughput= 116.1170 frames / second.

ACTION OUTPUT:
TIME: Analyses took 0.0000 seconds.

RUN TIMING:
TIME:		Init               : 0.0000 s (  0.06%)
TIME:		Trajectory Process : 0.0086 s ( 99.77%)
TIME:		Action Post        : 0.0000 s (  0.00%)
TIME:		Analysis           : 0.0000 s (  0.00%)
TIME:		Data File Write    : 0.0000 s (  0.01%)
TIME:		Other              : 0.0000 s (  0.00%)
TIME:	Run Total 0.0086 s
---------- RUN END ---------------------------------------------------
TIME: Total execution time: 0.0158 seconds.
--------------------------------------------------------------------------------
To cite CPPTRAJ use:
Daniel R. Roe and Thomas E. Cheatham, III, "PTRAJ and CPPTRAJ: Software for
  Processing and Analysis of Molecular Dynamics Trajectory Data". J. Chem.
  Theory Comput., 2013, 9 (7), pp 3084-3095.

